2014-04-22 21:20:14,162 - Log4JLogChute initialized using file 'velocity.log'
2014-04-22 21:20:14,162 - Initializing Velocity, Calling init()...
2014-04-22 21:20:14,162 - Starting Apache Velocity v1.7 (compiled: 2010-11-19 12:14:37)
2014-04-22 21:20:14,162 - Default Properties File: org/apache/velocity/runtime/defaults/velocity.properties
2014-04-22 21:20:14,162 - Trying to use logger class org.apache.velocity.runtime.log.AvalonLogChute
2014-04-22 21:20:14,162 - Target log system for org.apache.velocity.runtime.log.AvalonLogChute is not available (java.lang.NoClassDefFoundError: org/apache/log/format/Formatter).  Falling back to next log system...
2014-04-22 21:20:14,162 - Trying to use logger class org.apache.velocity.runtime.log.Log4JLogChute
2014-04-22 21:20:14,162 - Using logger class org.apache.velocity.runtime.log.Log4JLogChute
2014-04-22 21:20:14,167 - ResourceLoader instantiated: org.apache.velocity.runtime.resource.loader.FileResourceLoader
2014-04-22 21:20:14,168 - Do unicode file recognition:  false
2014-04-22 21:20:14,168 - FileResourceLoader : adding path '/home/shaojunjie/workspace/jSimple-parent/jSimple-blog/src/main/webapp/'
2014-04-22 21:20:14,180 - ResourceCache: initialized (class org.apache.velocity.runtime.resource.ResourceCacheImpl) with class java.util.Collections$SynchronizedMap cache map.
2014-04-22 21:20:14,182 - Loaded System Directive: org.apache.velocity.runtime.directive.Stop
2014-04-22 21:20:14,183 - Loaded System Directive: org.apache.velocity.runtime.directive.Define
2014-04-22 21:20:14,183 - Loaded System Directive: org.apache.velocity.runtime.directive.Break
2014-04-22 21:20:14,184 - Loaded System Directive: org.apache.velocity.runtime.directive.Evaluate
2014-04-22 21:20:14,185 - Loaded System Directive: org.apache.velocity.runtime.directive.Literal
2014-04-22 21:20:14,186 - Loaded System Directive: org.apache.velocity.runtime.directive.Macro
2014-04-22 21:20:14,187 - Loaded System Directive: org.apache.velocity.runtime.directive.Parse
2014-04-22 21:20:14,188 - Loaded System Directive: org.apache.velocity.runtime.directive.Include
2014-04-22 21:20:14,189 - Loaded System Directive: org.apache.velocity.runtime.directive.Foreach
2014-04-22 21:20:14,224 - Created '20' parsers.
2014-04-22 21:20:14,230 - Velocimacro : "velocimacro.library" is not set.  Trying default library: VM_global_library.vm
2014-04-22 21:20:14,230 - Velocimacro : Default library not found.
2014-04-22 21:20:14,231 - Velocimacro : allowInline = true : VMs can be defined inline in templates
2014-04-22 21:20:14,231 - Velocimacro : allowInlineToOverride = false : VMs defined inline may NOT replace previous VM definitions
2014-04-22 21:20:14,231 - Velocimacro : allowInlineLocal = false : VMs defined inline will be global in scope if allowed.
2014-04-22 21:20:14,231 - Velocimacro : autoload off : VM system will not automatically reload global library macros
2014-04-22 21:52:18,263 - Log4JLogChute initialized using file 'velocity.log'
2014-04-22 21:52:18,263 - Initializing Velocity, Calling init()...
2014-04-22 21:52:18,263 - Starting Apache Velocity v1.7 (compiled: 2010-11-19 12:14:37)
2014-04-22 21:52:18,263 - Default Properties File: org/apache/velocity/runtime/defaults/velocity.properties
2014-04-22 21:52:18,263 - Trying to use logger class org.apache.velocity.runtime.log.AvalonLogChute
2014-04-22 21:52:18,264 - Target log system for org.apache.velocity.runtime.log.AvalonLogChute is not available (java.lang.NoClassDefFoundError: org/apache/log/format/Formatter).  Falling back to next log system...
2014-04-22 21:52:18,264 - Trying to use logger class org.apache.velocity.runtime.log.Log4JLogChute
2014-04-22 21:52:18,264 - Using logger class org.apache.velocity.runtime.log.Log4JLogChute
2014-04-22 21:52:18,268 - ResourceLoader instantiated: org.apache.velocity.runtime.resource.loader.FileResourceLoader
2014-04-22 21:52:18,269 - Do unicode file recognition:  false
2014-04-22 21:52:18,269 - FileResourceLoader : adding path '/home/shaojunjie/workspace/jSimple-parent/jSimple-blog/src/main/webapp'
2014-04-22 21:52:18,281 - ResourceCache: initialized (class org.apache.velocity.runtime.resource.ResourceCacheImpl) with class java.util.Collections$SynchronizedMap cache map.
2014-04-22 21:52:18,283 - Loaded System Directive: org.apache.velocity.runtime.directive.Stop
2014-04-22 21:52:18,284 - Loaded System Directive: org.apache.velocity.runtime.directive.Define
2014-04-22 21:52:18,284 - Loaded System Directive: org.apache.velocity.runtime.directive.Break
2014-04-22 21:52:18,285 - Loaded System Directive: org.apache.velocity.runtime.directive.Evaluate
2014-04-22 21:52:18,286 - Loaded System Directive: org.apache.velocity.runtime.directive.Literal
2014-04-22 21:52:18,287 - Loaded System Directive: org.apache.velocity.runtime.directive.Macro
2014-04-22 21:52:18,288 - Loaded System Directive: org.apache.velocity.runtime.directive.Parse
2014-04-22 21:52:18,289 - Loaded System Directive: org.apache.velocity.runtime.directive.Include
2014-04-22 21:52:18,291 - Loaded System Directive: org.apache.velocity.runtime.directive.Foreach
2014-04-22 21:52:18,328 - Created '20' parsers.
2014-04-22 21:52:18,333 - Velocimacro : "velocimacro.library" is not set.  Trying default library: VM_global_library.vm
2014-04-22 21:52:18,333 - Velocimacro : Default library not found.
2014-04-22 21:52:18,333 - Velocimacro : allowInline = true : VMs can be defined inline in templates
2014-04-22 21:52:18,333 - Velocimacro : allowInlineToOverride = false : VMs defined inline may NOT replace previous VM definitions
2014-04-22 21:52:18,333 - Velocimacro : allowInlineLocal = false : VMs defined inline will be global in scope if allowed.
2014-04-22 21:52:18,333 - Velocimacro : autoload off : VM system will not automatically reload global library macros
2014-04-22 21:53:28,238 - Log4JLogChute initialized using file 'velocity.log'
2014-04-22 21:53:28,238 - Initializing Velocity, Calling init()...
2014-04-22 21:53:28,238 - Starting Apache Velocity v1.7 (compiled: 2010-11-19 12:14:37)
2014-04-22 21:53:28,238 - Default Properties File: org/apache/velocity/runtime/defaults/velocity.properties
2014-04-22 21:53:28,238 - Trying to use logger class org.apache.velocity.runtime.log.AvalonLogChute
2014-04-22 21:53:28,238 - Target log system for org.apache.velocity.runtime.log.AvalonLogChute is not available (java.lang.NoClassDefFoundError: org/apache/log/format/Formatter).  Falling back to next log system...
2014-04-22 21:53:28,238 - Trying to use logger class org.apache.velocity.runtime.log.Log4JLogChute
2014-04-22 21:53:28,238 - Using logger class org.apache.velocity.runtime.log.Log4JLogChute
2014-04-22 21:53:28,246 - ResourceLoader instantiated: org.apache.velocity.runtime.resource.loader.FileResourceLoader
2014-04-22 21:53:28,248 - Do unicode file recognition:  false
2014-04-22 21:53:28,248 - FileResourceLoader : adding path '/home/shaojunjie/workspace/jSimple-parent/jSimple-blog/src/main/webapp'
2014-04-22 21:53:28,268 - ResourceCache: initialized (class org.apache.velocity.runtime.resource.ResourceCacheImpl) with class java.util.Collections$SynchronizedMap cache map.
2014-04-22 21:53:28,270 - Loaded System Directive: org.apache.velocity.runtime.directive.Stop
2014-04-22 21:53:28,271 - Loaded System Directive: org.apache.velocity.runtime.directive.Define
2014-04-22 21:53:28,272 - Loaded System Directive: org.apache.velocity.runtime.directive.Break
2014-04-22 21:53:28,273 - Loaded System Directive: org.apache.velocity.runtime.directive.Evaluate
2014-04-22 21:53:28,273 - Loaded System Directive: org.apache.velocity.runtime.directive.Literal
2014-04-22 21:53:28,274 - Loaded System Directive: org.apache.velocity.runtime.directive.Macro
2014-04-22 21:53:28,275 - Loaded System Directive: org.apache.velocity.runtime.directive.Parse
2014-04-22 21:53:28,277 - Loaded System Directive: org.apache.velocity.runtime.directive.Include
2014-04-22 21:53:28,278 - Loaded System Directive: org.apache.velocity.runtime.directive.Foreach
2014-04-22 21:53:28,314 - Created '20' parsers.
2014-04-22 21:53:28,319 - Velocimacro : "velocimacro.library" is not set.  Trying default library: VM_global_library.vm
2014-04-22 21:53:28,319 - Velocimacro : Default library not found.
2014-04-22 21:53:28,319 - Velocimacro : allowInline = true : VMs can be defined inline in templates
2014-04-22 21:53:28,319 - Velocimacro : allowInlineToOverride = false : VMs defined inline may NOT replace previous VM definitions
2014-04-22 21:53:28,319 - Velocimacro : allowInlineLocal = false : VMs defined inline will be global in scope if allowed.
2014-04-22 21:53:28,319 - Velocimacro : autoload off : VM system will not automatically reload global library macros
