2014-06-21 18:03:54,280 - Log4JLogChute initialized using file 'velocity.log'
2014-06-21 18:03:54,280 - Initializing Velocity, Calling init()...
2014-06-21 18:03:54,281 - Starting Apache Velocity v1.7 (compiled: 2010-11-19 12:14:37)
2014-06-21 18:03:54,281 - Default Properties File: org\apache\velocity\runtime\defaults\velocity.properties
2014-06-21 18:03:54,281 - Trying to use logger class org.apache.velocity.runtime.log.AvalonLogChute
2014-06-21 18:03:54,281 - Target log system for org.apache.velocity.runtime.log.AvalonLogChute is not available (java.lang.NoClassDefFoundError: org/apache/log/format/Formatter).  Falling back to next log system...
2014-06-21 18:03:54,281 - Trying to use logger class org.apache.velocity.runtime.log.Log4JLogChute
2014-06-21 18:03:54,281 - Using logger class org.apache.velocity.runtime.log.Log4JLogChute
2014-06-21 18:03:54,288 - ResourceLoader instantiated: org.apache.velocity.runtime.resource.loader.FileResourceLoader
2014-06-21 18:03:54,290 - Do unicode file recognition:  false
2014-06-21 18:03:54,290 - FileResourceLoader : adding path 'C:\Users\shaojunjie\git\jSimple\jSimple-blog\src\main\webapp'
2014-06-21 18:03:54,307 - ResourceCache: initialized (class org.apache.velocity.runtime.resource.ResourceCacheImpl) with class java.util.Collections$SynchronizedMap cache map.
2014-06-21 18:03:54,309 - Loaded System Directive: org.apache.velocity.runtime.directive.Stop
2014-06-21 18:03:54,311 - Loaded System Directive: org.apache.velocity.runtime.directive.Define
2014-06-21 18:03:54,312 - Loaded System Directive: org.apache.velocity.runtime.directive.Break
2014-06-21 18:03:54,313 - Loaded System Directive: org.apache.velocity.runtime.directive.Evaluate
2014-06-21 18:03:54,313 - Loaded System Directive: org.apache.velocity.runtime.directive.Literal
2014-06-21 18:03:54,315 - Loaded System Directive: org.apache.velocity.runtime.directive.Macro
2014-06-21 18:03:54,317 - Loaded System Directive: org.apache.velocity.runtime.directive.Parse
2014-06-21 18:03:54,319 - Loaded System Directive: org.apache.velocity.runtime.directive.Include
2014-06-21 18:03:54,320 - Loaded System Directive: org.apache.velocity.runtime.directive.Foreach
2014-06-21 18:03:54,368 - Created '20' parsers.
2014-06-21 18:03:54,375 - Velocimacro : "velocimacro.library" is not set.  Trying default library: VM_global_library.vm
2014-06-21 18:03:54,375 - Velocimacro : Default library not found.
2014-06-21 18:03:54,376 - Velocimacro : allowInline = true : VMs can be defined inline in templates
2014-06-21 18:03:54,376 - Velocimacro : allowInlineToOverride = false : VMs defined inline may NOT replace previous VM definitions
2014-06-21 18:03:54,376 - Velocimacro : allowInlineLocal = false : VMs defined inline will be global in scope if allowed.
2014-06-21 18:03:54,376 - Velocimacro : autoload off : VM system will not automatically reload global library macros
2014-06-26 00:11:22,724 - Log4JLogChute initialized using file 'velocity.log'
2014-06-26 00:11:22,737 - Initializing Velocity, Calling init()...
2014-06-26 00:11:22,737 - Starting Apache Velocity v1.7 (compiled: 2010-11-19 12:14:37)
2014-06-26 00:11:22,737 - Default Properties File: org\apache\velocity\runtime\defaults\velocity.properties
2014-06-26 00:11:22,737 - Trying to use logger class org.apache.velocity.runtime.log.AvalonLogChute
2014-06-26 00:11:22,737 - Target log system for org.apache.velocity.runtime.log.AvalonLogChute is not available (java.lang.NoClassDefFoundError: org/apache/log/format/Formatter).  Falling back to next log system...
2014-06-26 00:11:22,737 - Trying to use logger class org.apache.velocity.runtime.log.Log4JLogChute
2014-06-26 00:11:22,737 - Using logger class org.apache.velocity.runtime.log.Log4JLogChute
2014-06-26 00:11:22,746 - ResourceLoader instantiated: org.apache.velocity.runtime.resource.loader.FileResourceLoader
2014-06-26 00:11:22,748 - Do unicode file recognition:  false
2014-06-26 00:11:22,748 - FileResourceLoader : adding path 'C:\Users\shaojunjie\git\jSimple\jSimple-blog\src\main\webapp'
2014-06-26 00:11:22,765 - ResourceCache: initialized (class org.apache.velocity.runtime.resource.ResourceCacheImpl) with class java.util.Collections$SynchronizedMap cache map.
2014-06-26 00:11:22,767 - Loaded System Directive: org.apache.velocity.runtime.directive.Stop
2014-06-26 00:11:22,768 - Loaded System Directive: org.apache.velocity.runtime.directive.Define
2014-06-26 00:11:22,769 - Loaded System Directive: org.apache.velocity.runtime.directive.Break
2014-06-26 00:11:22,770 - Loaded System Directive: org.apache.velocity.runtime.directive.Evaluate
2014-06-26 00:11:22,771 - Loaded System Directive: org.apache.velocity.runtime.directive.Literal
2014-06-26 00:11:22,772 - Loaded System Directive: org.apache.velocity.runtime.directive.Macro
2014-06-26 00:11:22,774 - Loaded System Directive: org.apache.velocity.runtime.directive.Parse
2014-06-26 00:11:22,776 - Loaded System Directive: org.apache.velocity.runtime.directive.Include
2014-06-26 00:11:22,778 - Loaded System Directive: org.apache.velocity.runtime.directive.Foreach
2014-06-26 00:11:22,827 - Created '20' parsers.
2014-06-26 00:11:22,835 - Velocimacro : "velocimacro.library" is not set.  Trying default library: VM_global_library.vm
2014-06-26 00:11:22,836 - Velocimacro : Default library not found.
2014-06-26 00:11:22,836 - Velocimacro : allowInline = true : VMs can be defined inline in templates
2014-06-26 00:11:22,836 - Velocimacro : allowInlineToOverride = false : VMs defined inline may NOT replace previous VM definitions
2014-06-26 00:11:22,836 - Velocimacro : allowInlineLocal = false : VMs defined inline will be global in scope if allowed.
2014-06-26 00:11:22,836 - Velocimacro : autoload off : VM system will not automatically reload global library macros
2014-06-26 00:13:05,616 - Log4JLogChute initialized using file 'velocity.log'
2014-06-26 00:13:05,616 - Initializing Velocity, Calling init()...
2014-06-26 00:13:05,616 - Starting Apache Velocity v1.7 (compiled: 2010-11-19 12:14:37)
2014-06-26 00:13:05,616 - Default Properties File: org\apache\velocity\runtime\defaults\velocity.properties
2014-06-26 00:13:05,616 - Trying to use logger class org.apache.velocity.runtime.log.AvalonLogChute
2014-06-26 00:13:05,616 - Target log system for org.apache.velocity.runtime.log.AvalonLogChute is not available (java.lang.NoClassDefFoundError: org/apache/log/format/Formatter).  Falling back to next log system...
2014-06-26 00:13:05,616 - Trying to use logger class org.apache.velocity.runtime.log.Log4JLogChute
2014-06-26 00:13:05,616 - Using logger class org.apache.velocity.runtime.log.Log4JLogChute
2014-06-26 00:13:05,623 - ResourceLoader instantiated: org.apache.velocity.runtime.resource.loader.FileResourceLoader
2014-06-26 00:13:05,625 - Do unicode file recognition:  false
2014-06-26 00:13:05,625 - FileResourceLoader : adding path 'C:\Users\shaojunjie\git\jSimple\jSimple-blog\src\main\webapp'
2014-06-26 00:13:05,644 - ResourceCache: initialized (class org.apache.velocity.runtime.resource.ResourceCacheImpl) with class java.util.Collections$SynchronizedMap cache map.
2014-06-26 00:13:05,647 - Loaded System Directive: org.apache.velocity.runtime.directive.Stop
2014-06-26 00:13:05,648 - Loaded System Directive: org.apache.velocity.runtime.directive.Define
2014-06-26 00:13:05,649 - Loaded System Directive: org.apache.velocity.runtime.directive.Break
2014-06-26 00:13:05,650 - Loaded System Directive: org.apache.velocity.runtime.directive.Evaluate
2014-06-26 00:13:05,651 - Loaded System Directive: org.apache.velocity.runtime.directive.Literal
2014-06-26 00:13:05,653 - Loaded System Directive: org.apache.velocity.runtime.directive.Macro
2014-06-26 00:13:05,655 - Loaded System Directive: org.apache.velocity.runtime.directive.Parse
2014-06-26 00:13:05,656 - Loaded System Directive: org.apache.velocity.runtime.directive.Include
2014-06-26 00:13:05,658 - Loaded System Directive: org.apache.velocity.runtime.directive.Foreach
2014-06-26 00:13:05,709 - Created '20' parsers.
2014-06-26 00:13:05,716 - Velocimacro : "velocimacro.library" is not set.  Trying default library: VM_global_library.vm
2014-06-26 00:13:05,717 - Velocimacro : Default library not found.
2014-06-26 00:13:05,717 - Velocimacro : allowInline = true : VMs can be defined inline in templates
2014-06-26 00:13:05,717 - Velocimacro : allowInlineToOverride = false : VMs defined inline may NOT replace previous VM definitions
2014-06-26 00:13:05,717 - Velocimacro : allowInlineLocal = false : VMs defined inline will be global in scope if allowed.
2014-06-26 00:13:05,717 - Velocimacro : autoload off : VM system will not automatically reload global library macros
2014-05-01 12:34:43,295 - Log4JLogChute initialized using file 'velocity.log'
2014-05-01 12:34:43,296 - Initializing Velocity, Calling init()...
2014-05-01 12:34:43,296 - Starting Apache Velocity v1.7 (compiled: 2010-11-19 12:14:37)
2014-05-01 12:34:43,296 - Default Properties File: org\apache\velocity\runtime\defaults\velocity.properties
2014-05-01 12:34:43,296 - Trying to use logger class org.apache.velocity.runtime.log.AvalonLogChute
2014-05-01 12:34:43,296 - Target log system for org.apache.velocity.runtime.log.AvalonLogChute is not available (java.lang.NoClassDefFoundError: org/apache/log/format/Formatter).  Falling back to next log system...
2014-05-01 12:34:43,296 - Trying to use logger class org.apache.velocity.runtime.log.Log4JLogChute
2014-05-01 12:34:43,296 - Using logger class org.apache.velocity.runtime.log.Log4JLogChute
2014-05-01 12:34:43,304 - ResourceLoader instantiated: org.apache.velocity.runtime.resource.loader.FileResourceLoader
2014-05-01 12:34:43,306 - Do unicode file recognition:  false
2014-05-01 12:34:43,307 - FileResourceLoader : adding path 'C:\Users\shaojunjie\git\jSimple\jSimple-blog\src\main\webapp'
2014-05-01 12:34:43,326 - ResourceCache: initialized (class org.apache.velocity.runtime.resource.ResourceCacheImpl) with class java.util.Collections$SynchronizedMap cache map.
2014-05-01 12:34:43,328 - Loaded System Directive: org.apache.velocity.runtime.directive.Stop
2014-05-01 12:34:43,329 - Loaded System Directive: org.apache.velocity.runtime.directive.Define
2014-05-01 12:34:43,330 - Loaded System Directive: org.apache.velocity.runtime.directive.Break
2014-05-01 12:34:43,331 - Loaded System Directive: org.apache.velocity.runtime.directive.Evaluate
2014-05-01 12:34:43,332 - Loaded System Directive: org.apache.velocity.runtime.directive.Literal
2014-05-01 12:34:43,334 - Loaded System Directive: org.apache.velocity.runtime.directive.Macro
2014-05-01 12:34:43,336 - Loaded System Directive: org.apache.velocity.runtime.directive.Parse
2014-05-01 12:34:43,338 - Loaded System Directive: org.apache.velocity.runtime.directive.Include
2014-05-01 12:34:43,340 - Loaded System Directive: org.apache.velocity.runtime.directive.Foreach
2014-05-01 12:34:43,388 - Created '20' parsers.
2014-05-01 12:34:43,396 - Velocimacro : "velocimacro.library" is not set.  Trying default library: VM_global_library.vm
2014-05-01 12:34:43,396 - Velocimacro : Default library not found.
2014-05-01 12:34:43,396 - Velocimacro : allowInline = true : VMs can be defined inline in templates
2014-05-01 12:34:43,396 - Velocimacro : allowInlineToOverride = false : VMs defined inline may NOT replace previous VM definitions
2014-05-01 12:34:43,396 - Velocimacro : allowInlineLocal = false : VMs defined inline will be global in scope if allowed.
2014-05-01 12:34:43,396 - Velocimacro : autoload off : VM system will not automatically reload global library macros
2014-07-28 14:23:13,374 - Log4JLogChute initialized using file 'velocity.log'
2014-07-28 14:23:13,397 - Initializing Velocity, Calling init()...
2014-07-28 14:23:13,397 - Starting Apache Velocity v1.7 (compiled: 2010-11-19 12:14:37)
2014-07-28 14:23:13,397 - Default Properties File: org\apache\velocity\runtime\defaults\velocity.properties
2014-07-28 14:23:13,397 - Trying to use logger class org.apache.velocity.runtime.log.AvalonLogChute
2014-07-28 14:23:13,397 - Target log system for org.apache.velocity.runtime.log.AvalonLogChute is not available (java.lang.NoClassDefFoundError: org/apache/log/format/Formatter).  Falling back to next log system...
2014-07-28 14:23:13,397 - Trying to use logger class org.apache.velocity.runtime.log.Log4JLogChute
2014-07-28 14:23:13,397 - Using logger class org.apache.velocity.runtime.log.Log4JLogChute
2014-07-28 14:23:13,409 - ResourceLoader instantiated: org.apache.velocity.runtime.resource.loader.FileResourceLoader
2014-07-28 14:23:13,411 - Do unicode file recognition:  false
2014-07-28 14:23:13,411 - FileResourceLoader : adding path 'C:\Users\shaojunjie\git\jSimple\jSimple-blog\src\main\webapp'
2014-07-28 14:23:13,441 - ResourceCache: initialized (class org.apache.velocity.runtime.resource.ResourceCacheImpl) with class java.util.Collections$SynchronizedMap cache map.
2014-07-28 14:23:13,444 - Loaded System Directive: org.apache.velocity.runtime.directive.Stop
2014-07-28 14:23:13,446 - Loaded System Directive: org.apache.velocity.runtime.directive.Define
2014-07-28 14:23:13,448 - Loaded System Directive: org.apache.velocity.runtime.directive.Break
2014-07-28 14:23:13,450 - Loaded System Directive: org.apache.velocity.runtime.directive.Evaluate
2014-07-28 14:23:13,451 - Loaded System Directive: org.apache.velocity.runtime.directive.Literal
2014-07-28 14:23:13,453 - Loaded System Directive: org.apache.velocity.runtime.directive.Macro
2014-07-28 14:23:13,456 - Loaded System Directive: org.apache.velocity.runtime.directive.Parse
2014-07-28 14:23:13,459 - Loaded System Directive: org.apache.velocity.runtime.directive.Include
2014-07-28 14:23:13,461 - Loaded System Directive: org.apache.velocity.runtime.directive.Foreach
2014-07-28 14:23:13,526 - Created '20' parsers.
2014-07-28 14:23:13,535 - Velocimacro : "velocimacro.library" is not set.  Trying default library: VM_global_library.vm
2014-07-28 14:23:13,535 - Velocimacro : Default library not found.
2014-07-28 14:23:13,535 - Velocimacro : allowInline = true : VMs can be defined inline in templates
2014-07-28 14:23:13,535 - Velocimacro : allowInlineToOverride = false : VMs defined inline may NOT replace previous VM definitions
2014-07-28 14:23:13,535 - Velocimacro : allowInlineLocal = false : VMs defined inline will be global in scope if allowed.
2014-07-28 14:23:13,535 - Velocimacro : autoload off : VM system will not automatically reload global library macros
2014-08-11 11:48:59,924 - Log4JLogChute initialized using file 'velocity.log'
2014-08-11 11:48:59,936 - Initializing Velocity, Calling init()...
2014-08-11 11:48:59,936 - Starting Apache Velocity v1.7 (compiled: 2010-11-19 12:14:37)
2014-08-11 11:48:59,936 - Default Properties File: org\apache\velocity\runtime\defaults\velocity.properties
2014-08-11 11:48:59,936 - Trying to use logger class org.apache.velocity.runtime.log.AvalonLogChute
2014-08-11 11:48:59,937 - Target log system for org.apache.velocity.runtime.log.AvalonLogChute is not available (java.lang.NoClassDefFoundError: org/apache/log/format/Formatter).  Falling back to next log system...
2014-08-11 11:48:59,937 - Trying to use logger class org.apache.velocity.runtime.log.Log4JLogChute
2014-08-11 11:48:59,937 - Using logger class org.apache.velocity.runtime.log.Log4JLogChute
2014-08-11 11:48:59,943 - ResourceLoader instantiated: org.apache.velocity.runtime.resource.loader.FileResourceLoader
2014-08-11 11:48:59,945 - Do unicode file recognition:  false
2014-08-11 11:48:59,945 - FileResourceLoader : adding path 'C:\Users\shaojunjie\git\jSimple\jSimple-blog\src\main\webapp'
2014-08-11 11:48:59,962 - ResourceCache: initialized (class org.apache.velocity.runtime.resource.ResourceCacheImpl) with class java.util.Collections$SynchronizedMap cache map.
2014-08-11 11:48:59,964 - Loaded System Directive: org.apache.velocity.runtime.directive.Stop
2014-08-11 11:48:59,965 - Loaded System Directive: org.apache.velocity.runtime.directive.Define
2014-08-11 11:48:59,966 - Loaded System Directive: org.apache.velocity.runtime.directive.Break
2014-08-11 11:48:59,967 - Loaded System Directive: org.apache.velocity.runtime.directive.Evaluate
2014-08-11 11:48:59,968 - Loaded System Directive: org.apache.velocity.runtime.directive.Literal
2014-08-11 11:48:59,970 - Loaded System Directive: org.apache.velocity.runtime.directive.Macro
2014-08-11 11:48:59,971 - Loaded System Directive: org.apache.velocity.runtime.directive.Parse
2014-08-11 11:48:59,973 - Loaded System Directive: org.apache.velocity.runtime.directive.Include
2014-08-11 11:48:59,975 - Loaded System Directive: org.apache.velocity.runtime.directive.Foreach
2014-08-11 11:49:00,024 - Created '20' parsers.
2014-08-11 11:49:00,032 - Velocimacro : "velocimacro.library" is not set.  Trying default library: VM_global_library.vm
2014-08-11 11:49:00,032 - Velocimacro : Default library not found.
2014-08-11 11:49:00,032 - Velocimacro : allowInline = true : VMs can be defined inline in templates
2014-08-11 11:49:00,032 - Velocimacro : allowInlineToOverride = false : VMs defined inline may NOT replace previous VM definitions
2014-08-11 11:49:00,032 - Velocimacro : allowInlineLocal = false : VMs defined inline will be global in scope if allowed.
2014-08-11 11:49:00,032 - Velocimacro : autoload off : VM system will not automatically reload global library macros
2014-08-11 14:26:12,408 - Log4JLogChute initialized using file 'velocity.log'
2014-08-11 14:26:12,408 - Initializing Velocity, Calling init()...
2014-08-11 14:26:12,409 - Starting Apache Velocity v1.7 (compiled: 2010-11-19 12:14:37)
2014-08-11 14:26:12,409 - Default Properties File: org\apache\velocity\runtime\defaults\velocity.properties
2014-08-11 14:26:12,409 - Trying to use logger class org.apache.velocity.runtime.log.AvalonLogChute
2014-08-11 14:26:12,409 - Target log system for org.apache.velocity.runtime.log.AvalonLogChute is not available (java.lang.NoClassDefFoundError: org/apache/log/format/Formatter).  Falling back to next log system...
2014-08-11 14:26:12,409 - Trying to use logger class org.apache.velocity.runtime.log.Log4JLogChute
2014-08-11 14:26:12,409 - Using logger class org.apache.velocity.runtime.log.Log4JLogChute
2014-08-11 14:26:12,416 - ResourceLoader instantiated: org.apache.velocity.runtime.resource.loader.FileResourceLoader
2014-08-11 14:26:12,418 - Do unicode file recognition:  false
2014-08-11 14:26:12,418 - FileResourceLoader : adding path 'C:\Users\shaojunjie\git\jSimple\jSimple-blog\src\main\webapp'
2014-08-11 14:26:12,436 - ResourceCache: initialized (class org.apache.velocity.runtime.resource.ResourceCacheImpl) with class java.util.Collections$SynchronizedMap cache map.
2014-08-11 14:26:12,438 - Loaded System Directive: org.apache.velocity.runtime.directive.Stop
2014-08-11 14:26:12,439 - Loaded System Directive: org.apache.velocity.runtime.directive.Define
2014-08-11 14:26:12,440 - Loaded System Directive: org.apache.velocity.runtime.directive.Break
2014-08-11 14:26:12,442 - Loaded System Directive: org.apache.velocity.runtime.directive.Evaluate
2014-08-11 14:26:12,443 - Loaded System Directive: org.apache.velocity.runtime.directive.Literal
2014-08-11 14:26:12,444 - Loaded System Directive: org.apache.velocity.runtime.directive.Macro
2014-08-11 14:26:12,446 - Loaded System Directive: org.apache.velocity.runtime.directive.Parse
2014-08-11 14:26:12,448 - Loaded System Directive: org.apache.velocity.runtime.directive.Include
2014-08-11 14:26:12,450 - Loaded System Directive: org.apache.velocity.runtime.directive.Foreach
2014-08-11 14:26:12,499 - Created '20' parsers.
2014-08-11 14:26:12,507 - Velocimacro : "velocimacro.library" is not set.  Trying default library: VM_global_library.vm
2014-08-11 14:26:12,507 - Velocimacro : Default library not found.
2014-08-11 14:26:12,507 - Velocimacro : allowInline = true : VMs can be defined inline in templates
2014-08-11 14:26:12,507 - Velocimacro : allowInlineToOverride = false : VMs defined inline may NOT replace previous VM definitions
2014-08-11 14:26:12,507 - Velocimacro : allowInlineLocal = false : VMs defined inline will be global in scope if allowed.
2014-08-11 14:26:12,507 - Velocimacro : autoload off : VM system will not automatically reload global library macros
2014-08-11 14:27:43,686 - Log4JLogChute initialized using file 'velocity.log'
2014-08-11 14:27:43,687 - Initializing Velocity, Calling init()...
2014-08-11 14:27:43,687 - Starting Apache Velocity v1.7 (compiled: 2010-11-19 12:14:37)
2014-08-11 14:27:43,687 - Default Properties File: org\apache\velocity\runtime\defaults\velocity.properties
2014-08-11 14:27:43,687 - Trying to use logger class org.apache.velocity.runtime.log.AvalonLogChute
2014-08-11 14:27:43,687 - Target log system for org.apache.velocity.runtime.log.AvalonLogChute is not available (java.lang.NoClassDefFoundError: org/apache/log/format/Formatter).  Falling back to next log system...
2014-08-11 14:27:43,687 - Trying to use logger class org.apache.velocity.runtime.log.Log4JLogChute
2014-08-11 14:27:43,687 - Using logger class org.apache.velocity.runtime.log.Log4JLogChute
2014-08-11 14:27:43,696 - ResourceLoader instantiated: org.apache.velocity.runtime.resource.loader.FileResourceLoader
2014-08-11 14:27:43,698 - Do unicode file recognition:  false
2014-08-11 14:27:43,698 - FileResourceLoader : adding path 'C:\Users\shaojunjie\git\jSimple\jSimple-blog\src\main\webapp'
2014-08-11 14:27:43,717 - ResourceCache: initialized (class org.apache.velocity.runtime.resource.ResourceCacheImpl) with class java.util.Collections$SynchronizedMap cache map.
2014-08-11 14:27:43,721 - Loaded System Directive: org.apache.velocity.runtime.directive.Stop
2014-08-11 14:27:43,724 - Loaded System Directive: org.apache.velocity.runtime.directive.Define
2014-08-11 14:27:43,725 - Loaded System Directive: org.apache.velocity.runtime.directive.Break
2014-08-11 14:27:43,726 - Loaded System Directive: org.apache.velocity.runtime.directive.Evaluate
2014-08-11 14:27:43,727 - Loaded System Directive: org.apache.velocity.runtime.directive.Literal
2014-08-11 14:27:43,730 - Loaded System Directive: org.apache.velocity.runtime.directive.Macro
2014-08-11 14:27:43,733 - Loaded System Directive: org.apache.velocity.runtime.directive.Parse
2014-08-11 14:27:43,735 - Loaded System Directive: org.apache.velocity.runtime.directive.Include
2014-08-11 14:27:43,737 - Loaded System Directive: org.apache.velocity.runtime.directive.Foreach
2014-08-11 14:27:44,295 - Created '20' parsers.
2014-08-11 14:27:44,315 - Velocimacro : "velocimacro.library" is not set.  Trying default library: VM_global_library.vm
2014-08-11 14:27:44,315 - Velocimacro : Default library not found.
2014-08-11 14:27:44,315 - Velocimacro : allowInline = true : VMs can be defined inline in templates
2014-08-11 14:27:44,315 - Velocimacro : allowInlineToOverride = false : VMs defined inline may NOT replace previous VM definitions
2014-08-11 14:27:44,316 - Velocimacro : allowInlineLocal = false : VMs defined inline will be global in scope if allowed.
2014-08-11 14:27:44,316 - Velocimacro : autoload off : VM system will not automatically reload global library macros
2014-09-03 11:13:47,289 - Log4JLogChute initialized using file 'velocity.log'
2014-09-03 11:13:47,298 - Initializing Velocity, Calling init()...
2014-09-03 11:13:47,298 - Starting Apache Velocity v1.7 (compiled: 2010-11-19 12:14:37)
2014-09-03 11:13:47,298 - Default Properties File: org\apache\velocity\runtime\defaults\velocity.properties
2014-09-03 11:13:47,298 - Trying to use logger class org.apache.velocity.runtime.log.AvalonLogChute
2014-09-03 11:13:47,298 - Target log system for org.apache.velocity.runtime.log.AvalonLogChute is not available (java.lang.NoClassDefFoundError: org/apache/log/format/Formatter).  Falling back to next log system...
2014-09-03 11:13:47,298 - Trying to use logger class org.apache.velocity.runtime.log.Log4JLogChute
2014-09-03 11:13:47,298 - Using logger class org.apache.velocity.runtime.log.Log4JLogChute
2014-09-03 11:13:47,308 - ResourceLoader instantiated: org.apache.velocity.runtime.resource.loader.FileResourceLoader
2014-09-03 11:13:47,311 - Do unicode file recognition:  false
2014-09-03 11:13:47,311 - FileResourceLoader : adding path 'C:\Users\shaojunjie\git\jSimple\jSimple-blog\src\main\webapp'
2014-09-03 11:13:47,331 - ResourceCache: initialized (class org.apache.velocity.runtime.resource.ResourceCacheImpl) with class java.util.Collections$SynchronizedMap cache map.
2014-09-03 11:13:47,333 - Loaded System Directive: org.apache.velocity.runtime.directive.Stop
2014-09-03 11:13:47,334 - Loaded System Directive: org.apache.velocity.runtime.directive.Define
2014-09-03 11:13:47,335 - Loaded System Directive: org.apache.velocity.runtime.directive.Break
2014-09-03 11:13:47,336 - Loaded System Directive: org.apache.velocity.runtime.directive.Evaluate
2014-09-03 11:13:47,337 - Loaded System Directive: org.apache.velocity.runtime.directive.Literal
2014-09-03 11:13:47,339 - Loaded System Directive: org.apache.velocity.runtime.directive.Macro
2014-09-03 11:13:47,342 - Loaded System Directive: org.apache.velocity.runtime.directive.Parse
2014-09-03 11:13:47,343 - Loaded System Directive: org.apache.velocity.runtime.directive.Include
2014-09-03 11:13:47,345 - Loaded System Directive: org.apache.velocity.runtime.directive.Foreach
2014-09-03 11:13:47,406 - Created '20' parsers.
2014-09-03 11:13:47,414 - Velocimacro : "velocimacro.library" is not set.  Trying default library: VM_global_library.vm
2014-09-03 11:13:47,414 - Velocimacro : Default library not found.
2014-09-03 11:13:47,414 - Velocimacro : allowInline = true : VMs can be defined inline in templates
2014-09-03 11:13:47,414 - Velocimacro : allowInlineToOverride = false : VMs defined inline may NOT replace previous VM definitions
2014-09-03 11:13:47,414 - Velocimacro : allowInlineLocal = false : VMs defined inline will be global in scope if allowed.
2014-09-03 11:13:47,414 - Velocimacro : autoload off : VM system will not automatically reload global library macros
2015-01-09 17:41:57,365 - Log4JLogChute initialized using file 'velocity.log'
2015-01-09 17:41:57,382 - Initializing Velocity, Calling init()...
2015-01-09 17:41:57,382 - Starting Apache Velocity v1.7 (compiled: 2010-11-19 12:14:37)
2015-01-09 17:41:57,382 - Default Properties File: org\apache\velocity\runtime\defaults\velocity.properties
2015-01-09 17:41:57,382 - Trying to use logger class org.apache.velocity.runtime.log.AvalonLogChute
2015-01-09 17:41:57,382 - Target log system for org.apache.velocity.runtime.log.AvalonLogChute is not available (java.lang.NoClassDefFoundError: org/apache/log/format/Formatter).  Falling back to next log system...
2015-01-09 17:41:57,383 - Trying to use logger class org.apache.velocity.runtime.log.Log4JLogChute
2015-01-09 17:41:57,383 - Using logger class org.apache.velocity.runtime.log.Log4JLogChute
2015-01-09 17:41:57,389 - ResourceLoader instantiated: org.apache.velocity.runtime.resource.loader.FileResourceLoader
2015-01-09 17:41:57,391 - Do unicode file recognition:  false
2015-01-09 17:41:57,391 - FileResourceLoader : adding path 'C:\Users\shaojunjie\git\jSimple\jSimple-blog\src\main\webapp'
2015-01-09 17:41:57,407 - ResourceCache: initialized (class org.apache.velocity.runtime.resource.ResourceCacheImpl) with class java.util.Collections$SynchronizedMap cache map.
2015-01-09 17:41:57,408 - Loaded System Directive: org.apache.velocity.runtime.directive.Stop
2015-01-09 17:41:57,409 - Loaded System Directive: org.apache.velocity.runtime.directive.Define
2015-01-09 17:41:57,410 - Loaded System Directive: org.apache.velocity.runtime.directive.Break
2015-01-09 17:41:57,411 - Loaded System Directive: org.apache.velocity.runtime.directive.Evaluate
2015-01-09 17:41:57,412 - Loaded System Directive: org.apache.velocity.runtime.directive.Literal
2015-01-09 17:41:57,413 - Loaded System Directive: org.apache.velocity.runtime.directive.Macro
2015-01-09 17:41:57,415 - Loaded System Directive: org.apache.velocity.runtime.directive.Parse
2015-01-09 17:41:57,416 - Loaded System Directive: org.apache.velocity.runtime.directive.Include
2015-01-09 17:41:57,418 - Loaded System Directive: org.apache.velocity.runtime.directive.Foreach
2015-01-09 17:41:57,460 - Created '20' parsers.
2015-01-09 17:41:57,467 - Velocimacro : "velocimacro.library" is not set.  Trying default library: VM_global_library.vm
2015-01-09 17:41:57,467 - Velocimacro : Default library not found.
2015-01-09 17:41:57,467 - Velocimacro : allowInline = true : VMs can be defined inline in templates
2015-01-09 17:41:57,467 - Velocimacro : allowInlineToOverride = false : VMs defined inline may NOT replace previous VM definitions
2015-01-09 17:41:57,467 - Velocimacro : allowInlineLocal = false : VMs defined inline will be global in scope if allowed.
2015-01-09 17:41:57,467 - Velocimacro : autoload off : VM system will not automatically reload global library macros
2015-01-09 17:48:01,151 - Log4JLogChute initialized using file 'velocity.log'
2015-01-09 17:48:01,171 - Initializing Velocity, Calling init()...
2015-01-09 17:48:01,171 - Starting Apache Velocity v1.7 (compiled: 2010-11-19 12:14:37)
2015-01-09 17:48:01,171 - Default Properties File: org\apache\velocity\runtime\defaults\velocity.properties
2015-01-09 17:48:01,172 - Trying to use logger class org.apache.velocity.runtime.log.AvalonLogChute
2015-01-09 17:48:01,172 - Target log system for org.apache.velocity.runtime.log.AvalonLogChute is not available (java.lang.NoClassDefFoundError: org/apache/log/format/Formatter).  Falling back to next log system...
2015-01-09 17:48:01,172 - Trying to use logger class org.apache.velocity.runtime.log.Log4JLogChute
2015-01-09 17:48:01,172 - Using logger class org.apache.velocity.runtime.log.Log4JLogChute
2015-01-09 17:48:01,181 - ResourceLoader instantiated: org.apache.velocity.runtime.resource.loader.FileResourceLoader
2015-01-09 17:48:01,183 - Do unicode file recognition:  false
2015-01-09 17:48:01,183 - FileResourceLoader : adding path 'C:\Users\shaojunjie\git\jSimple\jSimple-blog\src\main\webapp'
2015-01-09 17:48:01,198 - ResourceCache: initialized (class org.apache.velocity.runtime.resource.ResourceCacheImpl) with class java.util.Collections$SynchronizedMap cache map.
2015-01-09 17:48:01,200 - Loaded System Directive: org.apache.velocity.runtime.directive.Stop
2015-01-09 17:48:01,201 - Loaded System Directive: org.apache.velocity.runtime.directive.Define
2015-01-09 17:48:01,202 - Loaded System Directive: org.apache.velocity.runtime.directive.Break
2015-01-09 17:48:01,203 - Loaded System Directive: org.apache.velocity.runtime.directive.Evaluate
2015-01-09 17:48:01,204 - Loaded System Directive: org.apache.velocity.runtime.directive.Literal
2015-01-09 17:48:01,205 - Loaded System Directive: org.apache.velocity.runtime.directive.Macro
2015-01-09 17:48:01,207 - Loaded System Directive: org.apache.velocity.runtime.directive.Parse
2015-01-09 17:48:01,208 - Loaded System Directive: org.apache.velocity.runtime.directive.Include
2015-01-09 17:48:01,209 - Loaded System Directive: org.apache.velocity.runtime.directive.Foreach
2015-01-09 17:48:01,253 - Created '20' parsers.
2015-01-09 17:48:01,259 - Velocimacro : "velocimacro.library" is not set.  Trying default library: VM_global_library.vm
2015-01-09 17:48:01,260 - Velocimacro : Default library not found.
2015-01-09 17:48:01,260 - Velocimacro : allowInline = true : VMs can be defined inline in templates
2015-01-09 17:48:01,260 - Velocimacro : allowInlineToOverride = false : VMs defined inline may NOT replace previous VM definitions
2015-01-09 17:48:01,260 - Velocimacro : allowInlineLocal = false : VMs defined inline will be global in scope if allowed.
2015-01-09 17:48:01,260 - Velocimacro : autoload off : VM system will not automatically reload global library macros
2015-01-09 17:49:41,829 - Log4JLogChute initialized using file 'velocity.log'
2015-01-09 17:49:41,829 - Initializing Velocity, Calling init()...
2015-01-09 17:49:41,829 - Starting Apache Velocity v1.7 (compiled: 2010-11-19 12:14:37)
2015-01-09 17:49:41,829 - Default Properties File: org\apache\velocity\runtime\defaults\velocity.properties
2015-01-09 17:49:41,829 - Trying to use logger class org.apache.velocity.runtime.log.AvalonLogChute
2015-01-09 17:49:41,830 - Target log system for org.apache.velocity.runtime.log.AvalonLogChute is not available (java.lang.NoClassDefFoundError: org/apache/log/format/Formatter).  Falling back to next log system...
2015-01-09 17:49:41,830 - Trying to use logger class org.apache.velocity.runtime.log.Log4JLogChute
2015-01-09 17:49:41,830 - Using logger class org.apache.velocity.runtime.log.Log4JLogChute
2015-01-09 17:49:41,835 - ResourceLoader instantiated: org.apache.velocity.runtime.resource.loader.FileResourceLoader
2015-01-09 17:49:41,836 - Do unicode file recognition:  false
2015-01-09 17:49:41,836 - FileResourceLoader : adding path 'C:\Users\shaojunjie\git\jSimple\jSimple-blog\src\main\webapp'
2015-01-09 17:49:41,849 - ResourceCache: initialized (class org.apache.velocity.runtime.resource.ResourceCacheImpl) with class java.util.Collections$SynchronizedMap cache map.
2015-01-09 17:49:41,851 - Loaded System Directive: org.apache.velocity.runtime.directive.Stop
2015-01-09 17:49:41,853 - Loaded System Directive: org.apache.velocity.runtime.directive.Define
2015-01-09 17:49:41,854 - Loaded System Directive: org.apache.velocity.runtime.directive.Break
2015-01-09 17:49:41,855 - Loaded System Directive: org.apache.velocity.runtime.directive.Evaluate
2015-01-09 17:49:41,855 - Loaded System Directive: org.apache.velocity.runtime.directive.Literal
2015-01-09 17:49:41,857 - Loaded System Directive: org.apache.velocity.runtime.directive.Macro
2015-01-09 17:49:41,859 - Loaded System Directive: org.apache.velocity.runtime.directive.Parse
2015-01-09 17:49:41,860 - Loaded System Directive: org.apache.velocity.runtime.directive.Include
2015-01-09 17:49:41,862 - Loaded System Directive: org.apache.velocity.runtime.directive.Foreach
2015-01-09 17:49:41,901 - Created '20' parsers.
2015-01-09 17:49:41,907 - Velocimacro : "velocimacro.library" is not set.  Trying default library: VM_global_library.vm
2015-01-09 17:49:41,908 - Velocimacro : Default library not found.
2015-01-09 17:49:41,908 - Velocimacro : allowInline = true : VMs can be defined inline in templates
2015-01-09 17:49:41,908 - Velocimacro : allowInlineToOverride = false : VMs defined inline may NOT replace previous VM definitions
2015-01-09 17:49:41,908 - Velocimacro : allowInlineLocal = false : VMs defined inline will be global in scope if allowed.
2015-01-09 17:49:41,908 - Velocimacro : autoload off : VM system will not automatically reload global library macros
2015-01-09 17:52:21,839 - Log4JLogChute initialized using file 'velocity.log'
2015-01-09 17:52:21,839 - Initializing Velocity, Calling init()...
2015-01-09 17:52:21,840 - Starting Apache Velocity v1.7 (compiled: 2010-11-19 12:14:37)
2015-01-09 17:52:21,840 - Default Properties File: org\apache\velocity\runtime\defaults\velocity.properties
2015-01-09 17:52:21,840 - Trying to use logger class org.apache.velocity.runtime.log.AvalonLogChute
2015-01-09 17:52:21,840 - Target log system for org.apache.velocity.runtime.log.AvalonLogChute is not available (java.lang.NoClassDefFoundError: org/apache/log/format/Formatter).  Falling back to next log system...
2015-01-09 17:52:21,840 - Trying to use logger class org.apache.velocity.runtime.log.Log4JLogChute
2015-01-09 17:52:21,840 - Using logger class org.apache.velocity.runtime.log.Log4JLogChute
2015-01-09 17:52:21,845 - ResourceLoader instantiated: org.apache.velocity.runtime.resource.loader.FileResourceLoader
2015-01-09 17:52:21,847 - Do unicode file recognition:  false
2015-01-09 17:52:21,847 - FileResourceLoader : adding path 'C:\Users\shaojunjie\git\jSimple\jSimple-blog\src\main\webapp'
2015-01-09 17:52:21,860 - ResourceCache: initialized (class org.apache.velocity.runtime.resource.ResourceCacheImpl) with class java.util.Collections$SynchronizedMap cache map.
2015-01-09 17:52:21,861 - Loaded System Directive: org.apache.velocity.runtime.directive.Stop
2015-01-09 17:52:21,863 - Loaded System Directive: org.apache.velocity.runtime.directive.Define
2015-01-09 17:52:21,864 - Loaded System Directive: org.apache.velocity.runtime.directive.Break
2015-01-09 17:52:21,865 - Loaded System Directive: org.apache.velocity.runtime.directive.Evaluate
2015-01-09 17:52:21,866 - Loaded System Directive: org.apache.velocity.runtime.directive.Literal
2015-01-09 17:52:21,868 - Loaded System Directive: org.apache.velocity.runtime.directive.Macro
2015-01-09 17:52:21,870 - Loaded System Directive: org.apache.velocity.runtime.directive.Parse
2015-01-09 17:52:21,872 - Loaded System Directive: org.apache.velocity.runtime.directive.Include
2015-01-09 17:52:21,873 - Loaded System Directive: org.apache.velocity.runtime.directive.Foreach
2015-01-09 17:52:21,910 - Created '20' parsers.
2015-01-09 17:52:21,916 - Velocimacro : "velocimacro.library" is not set.  Trying default library: VM_global_library.vm
2015-01-09 17:52:21,916 - Velocimacro : Default library not found.
2015-01-09 17:52:21,916 - Velocimacro : allowInline = true : VMs can be defined inline in templates
2015-01-09 17:52:21,916 - Velocimacro : allowInlineToOverride = false : VMs defined inline may NOT replace previous VM definitions
2015-01-09 17:52:21,916 - Velocimacro : allowInlineLocal = false : VMs defined inline will be global in scope if allowed.
2015-01-09 17:52:21,916 - Velocimacro : autoload off : VM system will not automatically reload global library macros
2015-01-09 18:03:40,536 - Log4JLogChute initialized using file 'velocity.log'
2015-01-09 18:03:40,537 - Initializing Velocity, Calling init()...
2015-01-09 18:03:40,537 - Starting Apache Velocity v1.7 (compiled: 2010-11-19 12:14:37)
2015-01-09 18:03:40,537 - Default Properties File: org\apache\velocity\runtime\defaults\velocity.properties
2015-01-09 18:03:40,537 - Trying to use logger class org.apache.velocity.runtime.log.AvalonLogChute
2015-01-09 18:03:40,537 - Target log system for org.apache.velocity.runtime.log.AvalonLogChute is not available (java.lang.NoClassDefFoundError: org/apache/log/format/Formatter).  Falling back to next log system...
2015-01-09 18:03:40,537 - Trying to use logger class org.apache.velocity.runtime.log.Log4JLogChute
2015-01-09 18:03:40,537 - Using logger class org.apache.velocity.runtime.log.Log4JLogChute
2015-01-09 18:03:40,542 - ResourceLoader instantiated: org.apache.velocity.runtime.resource.loader.FileResourceLoader
2015-01-09 18:03:40,543 - Do unicode file recognition:  false
2015-01-09 18:03:40,543 - FileResourceLoader : adding path 'C:\Users\shaojunjie\git\jSimple\jSimple-blog\src\main\webapp'
2015-01-09 18:03:40,556 - ResourceCache: initialized (class org.apache.velocity.runtime.resource.ResourceCacheImpl) with class java.util.Collections$SynchronizedMap cache map.
2015-01-09 18:03:40,557 - Loaded System Directive: org.apache.velocity.runtime.directive.Stop
2015-01-09 18:03:40,558 - Loaded System Directive: org.apache.velocity.runtime.directive.Define
2015-01-09 18:03:40,559 - Loaded System Directive: org.apache.velocity.runtime.directive.Break
2015-01-09 18:03:40,560 - Loaded System Directive: org.apache.velocity.runtime.directive.Evaluate
2015-01-09 18:03:40,560 - Loaded System Directive: org.apache.velocity.runtime.directive.Literal
2015-01-09 18:03:40,562 - Loaded System Directive: org.apache.velocity.runtime.directive.Macro
2015-01-09 18:03:40,563 - Loaded System Directive: org.apache.velocity.runtime.directive.Parse
2015-01-09 18:03:40,564 - Loaded System Directive: org.apache.velocity.runtime.directive.Include
2015-01-09 18:03:40,565 - Loaded System Directive: org.apache.velocity.runtime.directive.Foreach
2015-01-09 18:03:40,604 - Created '20' parsers.
2015-01-09 18:03:40,610 - Velocimacro : "velocimacro.library" is not set.  Trying default library: VM_global_library.vm
2015-01-09 18:03:40,610 - Velocimacro : Default library not found.
2015-01-09 18:03:40,610 - Velocimacro : allowInline = true : VMs can be defined inline in templates
2015-01-09 18:03:40,610 - Velocimacro : allowInlineToOverride = false : VMs defined inline may NOT replace previous VM definitions
2015-01-09 18:03:40,611 - Velocimacro : allowInlineLocal = false : VMs defined inline will be global in scope if allowed.
2015-01-09 18:03:40,611 - Velocimacro : autoload off : VM system will not automatically reload global library macros
2015-01-23 10:25:00,898 - Log4JLogChute initialized using file 'velocity.log'
2015-01-23 10:25:00,910 - Initializing Velocity, Calling init()...
2015-01-23 10:25:00,910 - Starting Apache Velocity v1.7 (compiled: 2010-11-19 12:14:37)
2015-01-23 10:25:00,910 - Default Properties File: org\apache\velocity\runtime\defaults\velocity.properties
2015-01-23 10:25:00,910 - Trying to use logger class org.apache.velocity.runtime.log.AvalonLogChute
2015-01-23 10:25:00,910 - Target log system for org.apache.velocity.runtime.log.AvalonLogChute is not available (java.lang.NoClassDefFoundError: org/apache/log/format/Formatter).  Falling back to next log system...
2015-01-23 10:25:00,910 - Trying to use logger class org.apache.velocity.runtime.log.Log4JLogChute
2015-01-23 10:25:00,910 - Using logger class org.apache.velocity.runtime.log.Log4JLogChute
2015-01-23 10:25:00,919 - ResourceLoader instantiated: org.apache.velocity.runtime.resource.loader.FileResourceLoader
2015-01-23 10:25:00,921 - Do unicode file recognition:  false
2015-01-23 10:25:00,921 - FileResourceLoader : adding path 'C:\Users\shaojunjie\git\jSimple\jSimple-blog\src\main\webapp'
2015-01-23 10:25:00,937 - ResourceCache: initialized (class org.apache.velocity.runtime.resource.ResourceCacheImpl) with class java.util.Collections$SynchronizedMap cache map.
2015-01-23 10:25:00,938 - Loaded System Directive: org.apache.velocity.runtime.directive.Stop
2015-01-23 10:25:00,939 - Loaded System Directive: org.apache.velocity.runtime.directive.Define
2015-01-23 10:25:00,940 - Loaded System Directive: org.apache.velocity.runtime.directive.Break
2015-01-23 10:25:00,941 - Loaded System Directive: org.apache.velocity.runtime.directive.Evaluate
2015-01-23 10:25:00,941 - Loaded System Directive: org.apache.velocity.runtime.directive.Literal
2015-01-23 10:25:00,943 - Loaded System Directive: org.apache.velocity.runtime.directive.Macro
2015-01-23 10:25:00,944 - Loaded System Directive: org.apache.velocity.runtime.directive.Parse
2015-01-23 10:25:00,945 - Loaded System Directive: org.apache.velocity.runtime.directive.Include
2015-01-23 10:25:00,946 - Loaded System Directive: org.apache.velocity.runtime.directive.Foreach
2015-01-23 10:25:00,981 - Created '20' parsers.
2015-01-23 10:25:00,987 - Velocimacro : "velocimacro.library" is not set.  Trying default library: VM_global_library.vm
2015-01-23 10:25:00,987 - Velocimacro : Default library not found.
2015-01-23 10:25:00,987 - Velocimacro : allowInline = true : VMs can be defined inline in templates
2015-01-23 10:25:00,987 - Velocimacro : allowInlineToOverride = false : VMs defined inline may NOT replace previous VM definitions
2015-01-23 10:25:00,987 - Velocimacro : allowInlineLocal = false : VMs defined inline will be global in scope if allowed.
2015-01-23 10:25:00,987 - Velocimacro : autoload off : VM system will not automatically reload global library macros
2015-01-23 10:46:29,046 - Log4JLogChute initialized using file 'velocity.log'
2015-01-23 10:46:29,047 - Initializing Velocity, Calling init()...
2015-01-23 10:46:29,047 - Starting Apache Velocity v1.7 (compiled: 2010-11-19 12:14:37)
2015-01-23 10:46:29,047 - Default Properties File: org\apache\velocity\runtime\defaults\velocity.properties
2015-01-23 10:46:29,047 - Trying to use logger class org.apache.velocity.runtime.log.AvalonLogChute
2015-01-23 10:46:29,047 - Target log system for org.apache.velocity.runtime.log.AvalonLogChute is not available (java.lang.NoClassDefFoundError: org/apache/log/format/Formatter).  Falling back to next log system...
2015-01-23 10:46:29,047 - Trying to use logger class org.apache.velocity.runtime.log.Log4JLogChute
2015-01-23 10:46:29,047 - Using logger class org.apache.velocity.runtime.log.Log4JLogChute
2015-01-23 10:46:29,052 - ResourceLoader instantiated: org.apache.velocity.runtime.resource.loader.FileResourceLoader
2015-01-23 10:46:29,053 - Do unicode file recognition:  false
2015-01-23 10:46:29,053 - FileResourceLoader : adding path 'C:\Users\shaojunjie\git\jSimple\jSimple-blog\src\main\webapp'
2015-01-23 10:46:29,079 - ResourceCache: initialized (class org.apache.velocity.runtime.resource.ResourceCacheImpl) with class java.util.Collections$SynchronizedMap cache map.
2015-01-23 10:46:29,081 - Loaded System Directive: org.apache.velocity.runtime.directive.Stop
2015-01-23 10:46:29,083 - Loaded System Directive: org.apache.velocity.runtime.directive.Define
2015-01-23 10:46:29,083 - Loaded System Directive: org.apache.velocity.runtime.directive.Break
2015-01-23 10:46:29,084 - Loaded System Directive: org.apache.velocity.runtime.directive.Evaluate
2015-01-23 10:46:29,085 - Loaded System Directive: org.apache.velocity.runtime.directive.Literal
2015-01-23 10:46:29,086 - Loaded System Directive: org.apache.velocity.runtime.directive.Macro
2015-01-23 10:46:29,087 - Loaded System Directive: org.apache.velocity.runtime.directive.Parse
2015-01-23 10:46:29,089 - Loaded System Directive: org.apache.velocity.runtime.directive.Include
2015-01-23 10:46:29,090 - Loaded System Directive: org.apache.velocity.runtime.directive.Foreach
2015-01-23 10:46:29,131 - Created '20' parsers.
2015-01-23 10:46:29,137 - Velocimacro : "velocimacro.library" is not set.  Trying default library: VM_global_library.vm
2015-01-23 10:46:29,137 - Velocimacro : Default library not found.
2015-01-23 10:46:29,137 - Velocimacro : allowInline = true : VMs can be defined inline in templates
2015-01-23 10:46:29,137 - Velocimacro : allowInlineToOverride = false : VMs defined inline may NOT replace previous VM definitions
2015-01-23 10:46:29,137 - Velocimacro : allowInlineLocal = false : VMs defined inline will be global in scope if allowed.
2015-01-23 10:46:29,137 - Velocimacro : autoload off : VM system will not automatically reload global library macros
2015-01-23 10:46:47,825 - Log4JLogChute initialized using file 'velocity.log'
2015-01-23 10:46:47,826 - Initializing Velocity, Calling init()...
2015-01-23 10:46:47,826 - Starting Apache Velocity v1.7 (compiled: 2010-11-19 12:14:37)
2015-01-23 10:46:47,826 - Default Properties File: org\apache\velocity\runtime\defaults\velocity.properties
2015-01-23 10:46:47,826 - Trying to use logger class org.apache.velocity.runtime.log.AvalonLogChute
2015-01-23 10:46:47,826 - Target log system for org.apache.velocity.runtime.log.AvalonLogChute is not available (java.lang.NoClassDefFoundError: org/apache/log/format/Formatter).  Falling back to next log system...
2015-01-23 10:46:47,826 - Trying to use logger class org.apache.velocity.runtime.log.Log4JLogChute
2015-01-23 10:46:47,826 - Using logger class org.apache.velocity.runtime.log.Log4JLogChute
2015-01-23 10:46:47,834 - ResourceLoader instantiated: org.apache.velocity.runtime.resource.loader.FileResourceLoader
2015-01-23 10:46:47,836 - Do unicode file recognition:  false
2015-01-23 10:46:47,836 - FileResourceLoader : adding path 'C:\Users\shaojunjie\git\jSimple\jSimple-blog\src\main\webapp'
2015-01-23 10:46:47,853 - ResourceCache: initialized (class org.apache.velocity.runtime.resource.ResourceCacheImpl) with class java.util.Collections$SynchronizedMap cache map.
2015-01-23 10:46:47,855 - Loaded System Directive: org.apache.velocity.runtime.directive.Stop
2015-01-23 10:46:47,857 - Loaded System Directive: org.apache.velocity.runtime.directive.Define
2015-01-23 10:46:47,857 - Loaded System Directive: org.apache.velocity.runtime.directive.Break
2015-01-23 10:46:47,858 - Loaded System Directive: org.apache.velocity.runtime.directive.Evaluate
2015-01-23 10:46:47,859 - Loaded System Directive: org.apache.velocity.runtime.directive.Literal
2015-01-23 10:46:47,860 - Loaded System Directive: org.apache.velocity.runtime.directive.Macro
2015-01-23 10:46:47,862 - Loaded System Directive: org.apache.velocity.runtime.directive.Parse
2015-01-23 10:46:47,864 - Loaded System Directive: org.apache.velocity.runtime.directive.Include
2015-01-23 10:46:47,866 - Loaded System Directive: org.apache.velocity.runtime.directive.Foreach
2015-01-23 10:46:47,906 - Created '20' parsers.
2015-01-23 10:46:47,912 - Velocimacro : "velocimacro.library" is not set.  Trying default library: VM_global_library.vm
2015-01-23 10:46:47,912 - Velocimacro : Default library not found.
2015-01-23 10:46:47,912 - Velocimacro : allowInline = true : VMs can be defined inline in templates
2015-01-23 10:46:47,912 - Velocimacro : allowInlineToOverride = false : VMs defined inline may NOT replace previous VM definitions
2015-01-23 10:46:47,912 - Velocimacro : allowInlineLocal = false : VMs defined inline will be global in scope if allowed.
2015-01-23 10:46:47,912 - Velocimacro : autoload off : VM system will not automatically reload global library macros
2015-01-23 10:46:55,206 - Log4JLogChute initialized using file 'velocity.log'
2015-01-23 10:46:55,206 - Initializing Velocity, Calling init()...
2015-01-23 10:46:55,206 - Starting Apache Velocity v1.7 (compiled: 2010-11-19 12:14:37)
2015-01-23 10:46:55,207 - Default Properties File: org\apache\velocity\runtime\defaults\velocity.properties
2015-01-23 10:46:55,207 - Trying to use logger class org.apache.velocity.runtime.log.AvalonLogChute
2015-01-23 10:46:55,207 - Target log system for org.apache.velocity.runtime.log.AvalonLogChute is not available (java.lang.NoClassDefFoundError: org/apache/log/format/Formatter).  Falling back to next log system...
2015-01-23 10:46:55,207 - Trying to use logger class org.apache.velocity.runtime.log.Log4JLogChute
2015-01-23 10:46:55,207 - Using logger class org.apache.velocity.runtime.log.Log4JLogChute
2015-01-23 10:46:55,214 - ResourceLoader instantiated: org.apache.velocity.runtime.resource.loader.FileResourceLoader
2015-01-23 10:46:55,215 - Do unicode file recognition:  false
2015-01-23 10:46:55,215 - FileResourceLoader : adding path 'C:\Users\shaojunjie\git\jSimple\jSimple-blog\src\main\webapp'
2015-01-23 10:46:55,235 - ResourceCache: initialized (class org.apache.velocity.runtime.resource.ResourceCacheImpl) with class java.util.Collections$SynchronizedMap cache map.
2015-01-23 10:46:55,237 - Loaded System Directive: org.apache.velocity.runtime.directive.Stop
2015-01-23 10:46:55,238 - Loaded System Directive: org.apache.velocity.runtime.directive.Define
2015-01-23 10:46:55,240 - Loaded System Directive: org.apache.velocity.runtime.directive.Break
2015-01-23 10:46:55,241 - Loaded System Directive: org.apache.velocity.runtime.directive.Evaluate
2015-01-23 10:46:55,242 - Loaded System Directive: org.apache.velocity.runtime.directive.Literal
2015-01-23 10:46:55,243 - Loaded System Directive: org.apache.velocity.runtime.directive.Macro
2015-01-23 10:46:55,245 - Loaded System Directive: org.apache.velocity.runtime.directive.Parse
2015-01-23 10:46:55,246 - Loaded System Directive: org.apache.velocity.runtime.directive.Include
2015-01-23 10:46:55,247 - Loaded System Directive: org.apache.velocity.runtime.directive.Foreach
2015-01-23 10:46:55,282 - Created '20' parsers.
2015-01-23 10:46:55,289 - Velocimacro : "velocimacro.library" is not set.  Trying default library: VM_global_library.vm
2015-01-23 10:46:55,289 - Velocimacro : Default library not found.
2015-01-23 10:46:55,289 - Velocimacro : allowInline = true : VMs can be defined inline in templates
2015-01-23 10:46:55,289 - Velocimacro : allowInlineToOverride = false : VMs defined inline may NOT replace previous VM definitions
2015-01-23 10:46:55,289 - Velocimacro : allowInlineLocal = false : VMs defined inline will be global in scope if allowed.
2015-01-23 10:46:55,289 - Velocimacro : autoload off : VM system will not automatically reload global library macros
2015-01-23 10:47:34,547 - Log4JLogChute initialized using file 'velocity.log'
2015-01-23 10:47:34,547 - Initializing Velocity, Calling init()...
2015-01-23 10:47:34,547 - Starting Apache Velocity v1.7 (compiled: 2010-11-19 12:14:37)
2015-01-23 10:47:34,547 - Default Properties File: org\apache\velocity\runtime\defaults\velocity.properties
2015-01-23 10:47:34,547 - Trying to use logger class org.apache.velocity.runtime.log.AvalonLogChute
2015-01-23 10:47:34,547 - Target log system for org.apache.velocity.runtime.log.AvalonLogChute is not available (java.lang.NoClassDefFoundError: org/apache/log/format/Formatter).  Falling back to next log system...
2015-01-23 10:47:34,548 - Trying to use logger class org.apache.velocity.runtime.log.Log4JLogChute
2015-01-23 10:47:34,548 - Using logger class org.apache.velocity.runtime.log.Log4JLogChute
2015-01-23 10:47:34,559 - ResourceLoader instantiated: org.apache.velocity.runtime.resource.loader.FileResourceLoader
2015-01-23 10:47:34,561 - Do unicode file recognition:  false
2015-01-23 10:47:34,561 - FileResourceLoader : adding path 'C:\Users\shaojunjie\git\jSimple\jSimple-blog\src\main\webapp'
2015-01-23 10:47:34,579 - ResourceCache: initialized (class org.apache.velocity.runtime.resource.ResourceCacheImpl) with class java.util.Collections$SynchronizedMap cache map.
2015-01-23 10:47:34,580 - Loaded System Directive: org.apache.velocity.runtime.directive.Stop
2015-01-23 10:47:34,581 - Loaded System Directive: org.apache.velocity.runtime.directive.Define
2015-01-23 10:47:34,582 - Loaded System Directive: org.apache.velocity.runtime.directive.Break
2015-01-23 10:47:34,583 - Loaded System Directive: org.apache.velocity.runtime.directive.Evaluate
2015-01-23 10:47:34,583 - Loaded System Directive: org.apache.velocity.runtime.directive.Literal
2015-01-23 10:47:34,584 - Loaded System Directive: org.apache.velocity.runtime.directive.Macro
2015-01-23 10:47:34,585 - Loaded System Directive: org.apache.velocity.runtime.directive.Parse
2015-01-23 10:47:34,587 - Loaded System Directive: org.apache.velocity.runtime.directive.Include
2015-01-23 10:47:34,588 - Loaded System Directive: org.apache.velocity.runtime.directive.Foreach
2015-01-23 10:47:34,621 - Created '20' parsers.
2015-01-23 10:47:34,627 - Velocimacro : "velocimacro.library" is not set.  Trying default library: VM_global_library.vm
2015-01-23 10:47:34,627 - Velocimacro : Default library not found.
2015-01-23 10:47:34,627 - Velocimacro : allowInline = true : VMs can be defined inline in templates
2015-01-23 10:47:34,627 - Velocimacro : allowInlineToOverride = false : VMs defined inline may NOT replace previous VM definitions
2015-01-23 10:47:34,627 - Velocimacro : allowInlineLocal = false : VMs defined inline will be global in scope if allowed.
2015-01-23 10:47:34,627 - Velocimacro : autoload off : VM system will not automatically reload global library macros
2015-02-10 23:24:53,934 - Log4JLogChute initialized using file 'velocity.log'
2015-02-10 23:24:53,943 - Initializing Velocity, Calling init()...
2015-02-10 23:24:53,943 - Starting Apache Velocity v1.7 (compiled: 2010-11-19 12:14:37)
2015-02-10 23:24:53,943 - Default Properties File: org\apache\velocity\runtime\defaults\velocity.properties
2015-02-10 23:24:53,943 - Trying to use logger class org.apache.velocity.runtime.log.AvalonLogChute
2015-02-10 23:24:53,943 - Target log system for org.apache.velocity.runtime.log.AvalonLogChute is not available (java.lang.NoClassDefFoundError: org/apache/log/format/Formatter).  Falling back to next log system...
2015-02-10 23:24:53,943 - Trying to use logger class org.apache.velocity.runtime.log.Log4JLogChute
2015-02-10 23:24:53,943 - Using logger class org.apache.velocity.runtime.log.Log4JLogChute
2015-02-10 23:24:53,949 - ResourceLoader instantiated: org.apache.velocity.runtime.resource.loader.FileResourceLoader
2015-02-10 23:24:53,950 - Do unicode file recognition:  false
2015-02-10 23:24:53,950 - FileResourceLoader : adding path 'C:\Users\shaojunjie\git\jSimple\jSimple-blog\src\main\webapp'
2015-02-10 23:24:53,971 - ResourceCache: initialized (class org.apache.velocity.runtime.resource.ResourceCacheImpl) with class java.util.Collections$SynchronizedMap cache map.
2015-02-10 23:24:53,972 - Loaded System Directive: org.apache.velocity.runtime.directive.Stop
2015-02-10 23:24:53,973 - Loaded System Directive: org.apache.velocity.runtime.directive.Define
2015-02-10 23:24:53,974 - Loaded System Directive: org.apache.velocity.runtime.directive.Break
2015-02-10 23:24:53,974 - Loaded System Directive: org.apache.velocity.runtime.directive.Evaluate
2015-02-10 23:24:53,975 - Loaded System Directive: org.apache.velocity.runtime.directive.Literal
2015-02-10 23:24:53,976 - Loaded System Directive: org.apache.velocity.runtime.directive.Macro
2015-02-10 23:24:53,977 - Loaded System Directive: org.apache.velocity.runtime.directive.Parse
2015-02-10 23:24:53,979 - Loaded System Directive: org.apache.velocity.runtime.directive.Include
2015-02-10 23:24:53,980 - Loaded System Directive: org.apache.velocity.runtime.directive.Foreach
2015-02-10 23:24:54,015 - Created '20' parsers.
2015-02-10 23:24:54,020 - Velocimacro : "velocimacro.library" is not set.  Trying default library: VM_global_library.vm
2015-02-10 23:24:54,020 - Velocimacro : Default library not found.
2015-02-10 23:24:54,020 - Velocimacro : allowInline = true : VMs can be defined inline in templates
2015-02-10 23:24:54,020 - Velocimacro : allowInlineToOverride = false : VMs defined inline may NOT replace previous VM definitions
2015-02-10 23:24:54,020 - Velocimacro : allowInlineLocal = false : VMs defined inline will be global in scope if allowed.
2015-02-10 23:24:54,021 - Velocimacro : autoload off : VM system will not automatically reload global library macros
2015-02-11 22:57:58,746 - Log4JLogChute initialized using file 'velocity.log'
2015-02-11 22:57:58,754 - Initializing Velocity, Calling init()...
2015-02-11 22:57:58,754 - Starting Apache Velocity v1.7 (compiled: 2010-11-19 12:14:37)
2015-02-11 22:57:58,755 - Default Properties File: org\apache\velocity\runtime\defaults\velocity.properties
2015-02-11 22:57:58,755 - Trying to use logger class org.apache.velocity.runtime.log.AvalonLogChute
2015-02-11 22:57:58,755 - Target log system for org.apache.velocity.runtime.log.AvalonLogChute is not available (java.lang.NoClassDefFoundError: org/apache/log/format/Formatter).  Falling back to next log system...
2015-02-11 22:57:58,755 - Trying to use logger class org.apache.velocity.runtime.log.Log4JLogChute
2015-02-11 22:57:58,755 - Using logger class org.apache.velocity.runtime.log.Log4JLogChute
2015-02-11 22:57:58,760 - ResourceLoader instantiated: org.apache.velocity.runtime.resource.loader.FileResourceLoader
2015-02-11 22:57:58,761 - Do unicode file recognition:  false
2015-02-11 22:57:58,761 - FileResourceLoader : adding path 'C:\Users\shaojunjie\git\jSimple\jSimple-blog\src\main\webapp'
2015-02-11 22:57:58,773 - ResourceCache: initialized (class org.apache.velocity.runtime.resource.ResourceCacheImpl) with class java.util.Collections$SynchronizedMap cache map.
2015-02-11 22:57:58,774 - Loaded System Directive: org.apache.velocity.runtime.directive.Stop
2015-02-11 22:57:58,803 - Loaded System Directive: org.apache.velocity.runtime.directive.Define
2015-02-11 22:57:58,804 - Loaded System Directive: org.apache.velocity.runtime.directive.Break
2015-02-11 22:57:58,805 - Loaded System Directive: org.apache.velocity.runtime.directive.Evaluate
2015-02-11 22:57:58,806 - Loaded System Directive: org.apache.velocity.runtime.directive.Literal
2015-02-11 22:57:58,807 - Loaded System Directive: org.apache.velocity.runtime.directive.Macro
2015-02-11 22:57:58,808 - Loaded System Directive: org.apache.velocity.runtime.directive.Parse
2015-02-11 22:57:58,809 - Loaded System Directive: org.apache.velocity.runtime.directive.Include
2015-02-11 22:57:58,810 - Loaded System Directive: org.apache.velocity.runtime.directive.Foreach
2015-02-11 22:57:58,847 - Created '20' parsers.
2015-02-11 22:57:58,852 - Velocimacro : "velocimacro.library" is not set.  Trying default library: VM_global_library.vm
2015-02-11 22:57:58,852 - Velocimacro : Default library not found.
2015-02-11 22:57:58,852 - Velocimacro : allowInline = true : VMs can be defined inline in templates
2015-02-11 22:57:58,852 - Velocimacro : allowInlineToOverride = false : VMs defined inline may NOT replace previous VM definitions
2015-02-11 22:57:58,853 - Velocimacro : allowInlineLocal = false : VMs defined inline will be global in scope if allowed.
2015-02-11 22:57:58,853 - Velocimacro : autoload off : VM system will not automatically reload global library macros
